Cache sync 1 at Fri Jul 17 18:06:08 UTC 2026
Cache sync 2 at Fri Jul 17 18:06:08 UTC 2026
Cache sync 3 at Fri Jul 17 18:06:08 UTC 2026
Cache sync 4 at Fri Jul 17 18:06:08 UTC 2026
Cache sync 5 at Fri Jul 17 18:06:08 UTC 2026
Cache sync 6 at Fri Jul 17 18:06:08 UTC 2026
Cache sync 7 at Fri Jul 17 18:06:08 UTC 2026
Cache sync 8 at Fri Jul 17 18:06:08 UTC 2026
Cache sync 9 at Fri Jul 17 18:06:08 UTC 2026
Cache sync 10 at Fri Jul 17 18:06:08 UTC 2026
Cache sync 11 at Fri Jul 17 18:06:08 UTC 2026
Cache sync 12 at Fri Jul 17 18:06:08 UTC 2026
Cache sync 13 at Fri Jul 17 18:06:08 UTC 2026
Cache sync 14 at Fri Jul 17 18:06:08 UTC 2026
Cache sync 15 at Fri Jul 17 18:06:08 UTC 2026
Cache sync 16 at Fri Jul 17 18:06:08 UTC 2026
Cache sync 17 at Fri Jul 17 18:06:08 UTC 2026
Cache sync 18 at Fri Jul 17 18:06:08 UTC 2026
Cache sync 19 at Fri Jul 17 18:06:08 UTC 2026
Cache sync 20 at Fri Jul 17 18:06:09 UTC 2026
Cache sync 21 at Fri Jul 17 18:06:09 UTC 2026
Cache sync 22 at Fri Jul 17 18:06:09 UTC 2026
Cache sync 23 at Fri Jul 17 18:06:09 UTC 2026
Cache sync 24 at Fri Jul 17 18:06:09 UTC 2026
Cache sync 25 at Fri Jul 17 18:06:09 UTC 2026
Cache sync 26 at Fri Jul 17 18:06:09 UTC 2026
Cache sync 27 at Fri Jul 17 18:06:09 UTC 2026
Cache sync 28 at Fri Jul 17 18:06:09 UTC 2026
Cache sync 29 at Fri Jul 17 18:06:09 UTC 2026
Cache sync 30 at Fri Jul 17 18:06:09 UTC 2026
Cache sync 31 at Fri Jul 17 18:06:09 UTC 2026
Cache sync 32 at Fri Jul 17 18:06:09 UTC 2026
Cache sync 33 at Fri Jul 17 18:06:09 UTC 2026
Cache sync 34 at Fri Jul 17 18:06:09 UTC 2026
Cache sync 35 at Fri Jul 17 18:06:09 UTC 2026
Cache sync 36 at Fri Jul 17 18:06:09 UTC 2026
Cache sync 37 at Fri Jul 17 18:06:09 UTC 2026
Cache sync 38 at Fri Jul 17 18:06:09 UTC 2026
Cache sync 39 at Fri Jul 17 18:06:09 UTC 2026
Cache sync 40 at Fri Jul 17 18:06:09 UTC 2026
Cache sync 41 at Fri Jul 17 18:06:09 UTC 2026
Cache sync 42 at Fri Jul 17 18:06:09 UTC 2026
Cache sync 43 at Fri Jul 17 18:06:09 UTC 2026
Cache sync 44 at Fri Jul 17 18:06:09 UTC 2026
Cache sync 45 at Fri Jul 17 18:06:09 UTC 2026
Cache sync 46 at Fri Jul 17 18:06:09 UTC 2026
Cache sync 47 at Fri Jul 17 18:06:09 UTC 2026
Cache sync 48 at Fri Jul 17 18:06:09 UTC 2026
Cache sync 49 at Fri Jul 17 18:06:09 UTC 2026
Cache sync 50 at Fri Jul 17 18:06:09 UTC 2026
Cache sync 51 at Fri Jul 17 18:06:09 UTC 2026
Cache sync 52 at Fri Jul 17 18:06:09 UTC 2026
Cache sync 53 at Fri Jul 17 18:06:09 UTC 2026
Cache sync 54 at Fri Jul 17 18:06:09 UTC 2026
Cache sync 55 at Fri Jul 17 18:06:09 UTC 2026
Cache sync 56 at Fri Jul 17 18:06:09 UTC 2026
Cache sync 57 at Fri Jul 17 18:06:09 UTC 2026
Cache sync 58 at Fri Jul 17 18:06:09 UTC 2026
Cache sync 59 at Fri Jul 17 18:06:09 UTC 2026
Cache sync 60 at Fri Jul 17 18:06:09 UTC 2026
Cache sync 61 at Fri Jul 17 18:06:09 UTC 2026
Cache sync 62 at Fri Jul 17 18:06:09 UTC 2026
Cache sync 63 at Fri Jul 17 18:06:09 UTC 2026
Cache sync 1 at Sat Jul 18 17:56:04 UTC 2026
Cache sync 1 at Sun Jul 19 17:57:44 UTC 2026
Cache sync 2 at Sun Jul 19 17:57:44 UTC 2026
Cache sync 3 at Sun Jul 19 17:57:44 UTC 2026
Cache sync 4 at Sun Jul 19 17:57:44 UTC 2026
Cache sync 5 at Sun Jul 19 17:57:44 UTC 2026
Cache sync 6 at Sun Jul 19 17:57:44 UTC 2026
Cache sync 7 at Sun Jul 19 17:57:44 UTC 2026
Cache sync 8 at Sun Jul 19 17:57:44 UTC 2026
Cache sync 9 at Sun Jul 19 17:57:44 UTC 2026
Cache sync 10 at Sun Jul 19 17:57:44 UTC 2026
Cache sync 11 at Sun Jul 19 17:57:44 UTC 2026
Cache sync 12 at Sun Jul 19 17:57:44 UTC 2026
Cache sync 13 at Sun Jul 19 17:57:44 UTC 2026
Cache sync 14 at Sun Jul 19 17:57:44 UTC 2026
Cache sync 15 at Sun Jul 19 17:57:44 UTC 2026
Cache sync 16 at Sun Jul 19 17:57:44 UTC 2026
Cache sync 17 at Sun Jul 19 17:57:44 UTC 2026
Cache sync 18 at Sun Jul 19 17:57:44 UTC 2026
Cache sync 19 at Sun Jul 19 17:57:44 UTC 2026
Cache sync 20 at Sun Jul 19 17:57:44 UTC 2026
Cache sync 21 at Sun Jul 19 17:57:44 UTC 2026
Cache sync 22 at Sun Jul 19 17:57:44 UTC 2026
Cache sync 23 at Sun Jul 19 17:57:44 UTC 2026
Cache sync 24 at Sun Jul 19 17:57:44 UTC 2026
Cache sync 25 at Sun Jul 19 17:57:44 UTC 2026
Cache sync 26 at Sun Jul 19 17:57:44 UTC 2026
Cache sync 27 at Sun Jul 19 17:57:44 UTC 2026
Cache sync 28 at Sun Jul 19 17:57:44 UTC 2026
Cache sync 29 at Sun Jul 19 17:57:44 UTC 2026
Cache sync 30 at Sun Jul 19 17:57:44 UTC 2026
Cache sync 31 at Sun Jul 19 17:57:44 UTC 2026
Cache sync 32 at Sun Jul 19 17:57:44 UTC 2026
Cache sync 33 at Sun Jul 19 17:57:44 UTC 2026
Cache sync 34 at Sun Jul 19 17:57:44 UTC 2026
Cache sync 35 at Sun Jul 19 17:57:44 UTC 2026
Cache sync 36 at Sun Jul 19 17:57:44 UTC 2026
Cache sync 37 at Sun Jul 19 17:57:44 UTC 2026
Cache sync 38 at Sun Jul 19 17:57:44 UTC 2026
Cache sync 39 at Sun Jul 19 17:57:44 UTC 2026
Cache sync 40 at Sun Jul 19 17:57:44 UTC 2026
Cache sync 41 at Sun Jul 19 17:57:44 UTC 2026
Cache sync 42 at Sun Jul 19 17:57:45 UTC 2026
Cache sync 43 at Sun Jul 19 17:57:45 UTC 2026
Cache sync 44 at Sun Jul 19 17:57:45 UTC 2026
Cache sync 45 at Sun Jul 19 17:57:45 UTC 2026
Cache sync 46 at Sun Jul 19 17:57:45 UTC 2026
Cache sync 47 at Sun Jul 19 17:57:45 UTC 2026
Cache sync 48 at Sun Jul 19 17:57:45 UTC 2026
Cache sync 49 at Sun Jul 19 17:57:45 UTC 2026
Cache sync 50 at Sun Jul 19 17:57:45 UTC 2026
Cache sync 51 at Sun Jul 19 17:57:45 UTC 2026
Cache sync 52 at Sun Jul 19 17:57:45 UTC 2026
Cache sync 1 at Mon Jul 20 18:52:48 UTC 2026
Cache sync 2 at Mon Jul 20 18:52:48 UTC 2026
Cache sync 3 at Mon Jul 20 18:52:48 UTC 2026
Cache sync 4 at Mon Jul 20 18:52:48 UTC 2026
Cache sync 5 at Mon Jul 20 18:52:48 UTC 2026
Cache sync 6 at Mon Jul 20 18:52:48 UTC 2026
Cache sync 7 at Mon Jul 20 18:52:48 UTC 2026
Cache sync 8 at Mon Jul 20 18:52:48 UTC 2026
Cache sync 9 at Mon Jul 20 18:52:48 UTC 2026
Cache sync 10 at Mon Jul 20 18:52:48 UTC 2026
Cache sync 11 at Mon Jul 20 18:52:48 UTC 2026
Cache sync 12 at Mon Jul 20 18:52:48 UTC 2026
Cache sync 13 at Mon Jul 20 18:52:48 UTC 2026
Cache sync 14 at Mon Jul 20 18:52:48 UTC 2026
Cache sync 15 at Mon Jul 20 18:52:48 UTC 2026
Cache sync 16 at Mon Jul 20 18:52:48 UTC 2026
Cache sync 17 at Mon Jul 20 18:52:48 UTC 2026
Cache sync 18 at Mon Jul 20 18:52:48 UTC 2026
Cache sync 19 at Mon Jul 20 18:52:48 UTC 2026
Cache sync 20 at Mon Jul 20 18:52:48 UTC 2026
Cache sync 21 at Mon Jul 20 18:52:48 UTC 2026
Cache sync 22 at Mon Jul 20 18:52:48 UTC 2026
Cache sync 23 at Mon Jul 20 18:52:48 UTC 2026
Cache sync 24 at Mon Jul 20 18:52:48 UTC 2026
Cache sync 1 at Tue Jul 21 18:16:10 UTC 2026
Cache sync 2 at Tue Jul 21 18:16:10 UTC 2026
Cache sync 3 at Tue Jul 21 18:16:10 UTC 2026
Cache sync 4 at Tue Jul 21 18:16:10 UTC 2026
Cache sync 5 at Tue Jul 21 18:16:10 UTC 2026
Cache sync 6 at Tue Jul 21 18:16:10 UTC 2026
Cache sync 7 at Tue Jul 21 18:16:10 UTC 2026
Cache sync 8 at Tue Jul 21 18:16:10 UTC 2026
Cache sync 9 at Tue Jul 21 18:16:10 UTC 2026
Cache sync 10 at Tue Jul 21 18:16:10 UTC 2026
Cache sync 11 at Tue Jul 21 18:16:10 UTC 2026
Cache sync 12 at Tue Jul 21 18:16:10 UTC 2026
Cache sync 13 at Tue Jul 21 18:16:10 UTC 2026
Cache sync 14 at Tue Jul 21 18:16:11 UTC 2026
Cache sync 15 at Tue Jul 21 18:16:11 UTC 2026
Cache sync 16 at Tue Jul 21 18:16:11 UTC 2026
Cache sync 17 at Tue Jul 21 18:16:11 UTC 2026
Cache sync 18 at Tue Jul 21 18:16:11 UTC 2026
Cache sync 19 at Tue Jul 21 18:16:11 UTC 2026
Cache sync 20 at Tue Jul 21 18:16:11 UTC 2026
Cache sync 21 at Tue Jul 21 18:16:11 UTC 2026
Cache sync 22 at Tue Jul 21 18:16:11 UTC 2026
Cache sync 23 at Tue Jul 21 18:16:11 UTC 2026
Cache sync 24 at Tue Jul 21 18:16:11 UTC 2026
Cache sync 25 at Tue Jul 21 18:16:11 UTC 2026
Cache sync 26 at Tue Jul 21 18:16:11 UTC 2026
Cache sync 27 at Tue Jul 21 18:16:11 UTC 2026
Cache sync 28 at Tue Jul 21 18:16:11 UTC 2026
Cache sync 29 at Tue Jul 21 18:16:11 UTC 2026
Cache sync 30 at Tue Jul 21 18:16:11 UTC 2026
Cache sync 31 at Tue Jul 21 18:16:11 UTC 2026
Cache sync 32 at Tue Jul 21 18:16:11 UTC 2026
Cache sync 33 at Tue Jul 21 18:16:11 UTC 2026
Cache sync 34 at Tue Jul 21 18:16:11 UTC 2026
Cache sync 35 at Tue Jul 21 18:16:11 UTC 2026
Cache sync 36 at Tue Jul 21 18:16:11 UTC 2026
Cache sync 37 at Tue Jul 21 18:16:11 UTC 2026
Cache sync 38 at Tue Jul 21 18:16:11 UTC 2026
Cache sync 39 at Tue Jul 21 18:16:11 UTC 2026
Cache sync 40 at Tue Jul 21 18:16:11 UTC 2026
Cache sync 41 at Tue Jul 21 18:16:11 UTC 2026
Cache sync 42 at Tue Jul 21 18:16:11 UTC 2026
Cache sync 43 at Tue Jul 21 18:16:11 UTC 2026
Cache sync 44 at Tue Jul 21 18:16:11 UTC 2026
Cache sync 45 at Tue Jul 21 18:16:11 UTC 2026
Cache sync 46 at Tue Jul 21 18:16:11 UTC 2026
Cache sync 47 at Tue Jul 21 18:16:11 UTC 2026
Cache sync 48 at Tue Jul 21 18:16:11 UTC 2026
Cache sync 49 at Tue Jul 21 18:16:11 UTC 2026
Cache sync 50 at Tue Jul 21 18:16:11 UTC 2026
Cache sync 51 at Tue Jul 21 18:16:11 UTC 2026
Cache sync 52 at Tue Jul 21 18:16:11 UTC 2026
Cache sync 53 at Tue Jul 21 18:16:11 UTC 2026
Cache sync 54 at Tue Jul 21 18:16:11 UTC 2026
Cache sync 55 at Tue Jul 21 18:16:11 UTC 2026
Cache sync 56 at Tue Jul 21 18:16:11 UTC 2026
Cache sync 57 at Tue Jul 21 18:16:11 UTC 2026
Cache sync 58 at Tue Jul 21 18:16:11 UTC 2026
Cache sync 59 at Tue Jul 21 18:16:11 UTC 2026
Cache sync 60 at Tue Jul 21 18:16:11 UTC 2026
Cache sync 61 at Tue Jul 21 18:16:11 UTC 2026
Cache sync 62 at Tue Jul 21 18:16:11 UTC 2026
Cache sync 63 at Tue Jul 21 18:16:11 UTC 2026
Cache sync 64 at Tue Jul 21 18:16:11 UTC 2026
Cache sync 65 at Tue Jul 21 18:16:11 UTC 2026
Cache sync 66 at Tue Jul 21 18:16:11 UTC 2026
Cache sync 67 at Tue Jul 21 18:16:11 UTC 2026
Cache sync 68 at Tue Jul 21 18:16:11 UTC 2026
Cache sync 69 at Tue Jul 21 18:16:11 UTC 2026
Cache sync 70 at Tue Jul 21 18:16:11 UTC 2026
Cache sync 71 at Tue Jul 21 18:16:11 UTC 2026
Cache sync 72 at Tue Jul 21 18:16:11 UTC 2026
Cache sync 73 at Tue Jul 21 18:16:11 UTC 2026
Cache sync 74 at Tue Jul 21 18:16:11 UTC 2026
